==============================================================================

                  ------ MOMENTUM STATISTICS (MW mode) ------

              Momentum MomEngine 9.0.103 (*) 370.600 Mar  9 2011
                           Wed Oct 10 16:43:43 2012

==============================================================================


------------------------------------------------------------------------------
MESH
------------------------------------------------------------------------------
 Frequency          : 3 GHz

 Rectangular cells  : 121
 Quadrangular cells : 682
 Triangular cells   : 1079
 Via cells          : 296

 Edge currents      : 3725

------------------------------------------------------------------------------
SOLVER                        USER TIME      ELAPSED TIME      MEMORY         
PROCESSES                      (h:m:s)          (h:m:s)         (MB)          
------------------------------------------------------------------------------

SIMULATION SET-UP
-----------------
 Initialization           |     0: 0: 0   |     0: 0: 1   |      0.00   
 Ports analysis           |     0: 5:16   |     0: 5:22   |      0.36   
 Mesh processing          |     0: 0: 0   |     0: 0: 1   |     18.38   

 Matrix size : 4205
 Reduced matrix size : 1790
 Estimated process size is below 256.00 MB

1. SIMULATION FREQUENCY = 100 MHz 
-------------------------
 Green functions          |     0: 0: 1   |     0: 0: 1   |      8.22   
 Basis creation           |     0: 0: 0   |     0: 0: 0   |     58.87   
 Matrix load              |     0: 1:31   |     0: 1:10   |     40.91   
 Matrix solve             |     0: 0: 1   |     0: 0: 1   |     14.88   
 Port calibration         |     0: 0: 7   |     0: 0: 5   |     22.23   
 S parameters             |     0: 0: 0   |     0: 0: 0   |      0.00   

2. SIMULATION FREQUENCY = 3 GHz 
-------------------------
 Green functions          |     0: 0: 1   |     0: 0: 1   |      0.00   
 Matrix load              |     0: 1:33   |     0: 1:13   |      0.00   
 Matrix solve             |     0: 0: 3   |     0: 0: 1   |      0.12   
 Port calibration         |     0: 0: 7   |     0: 0: 6   |      0.55   
 S parameters             |     0: 0: 0   |     0: 0: 0   |      0.00   
 Adaptive sampling        |     0: 0: 0   |     0: 0: 0   |      0.00   

3. SIMULATION FREQUENCY = 2.03333 GHz 
-------------------------
 Green functions          |     0: 0: 1   |     0: 0: 1   |      0.00   
 Matrix load              |     0: 1:29   |     0: 1: 8   |      0.00   
 Matrix solve             |     0: 0: 2   |     0: 0: 2   |      0.12   
 Port calibration         |     0: 0: 7   |     0: 0: 5   |      0.20   
 S parameters             |     0: 0: 0   |     0: 0: 0   |      0.00   
 Adaptive sampling        |     0: 0: 0   |     0: 0: 0   |      0.00   

4. SIMULATION FREQUENCY = 1.06667 GHz 
-------------------------
 Green functions          |     0: 0: 1   |     0: 0: 1   |      0.00   
 Matrix load              |     0: 1:30   |     0: 1:12   |      0.00   
 Matrix solve             |     0: 0: 2   |     0: 0: 1   |      0.12   
 Port calibration         |     0: 0: 7   |     0: 0: 6   |      0.00   
 S parameters             |     0: 0: 0   |     0: 0: 0   |      0.00   
 Adaptive sampling        |     0: 0: 1   |     0: 0: 0   |      0.00   

5. SIMULATION FREQUENCY = 1.55 GHz 
-------------------------
 Green functions          |     0: 0: 0   |     0: 0: 1   |      0.00   
 Matrix load              |     0: 1:31   |     0: 1:10   |      0.00   
 Matrix solve             |     0: 0: 2   |     0: 0: 1   |      0.53   
 Port calibration         |     0: 0: 7   |     0: 0: 5   |      0.00   
 S parameters             |     0: 0: 0   |     0: 0: 1   |      0.00   
 Adaptive sampling        |     0: 0: 0   |     0: 0: 0   |      0.00   

6. SIMULATION FREQUENCY = 2.51667 GHz 
-------------------------
 Green functions          |     0: 0: 1   |     0: 0: 1   |      0.00   
 Matrix load              |     0: 1:29   |     0: 1: 9   |      0.00   
 Matrix solve             |     0: 0: 3   |     0: 0: 1   |      0.00   
 Port calibration         |     0: 0: 6   |     0: 0: 5   |      0.00   
 S parameters             |     0: 0: 0   |     0: 0: 0   |      0.00   
 Adaptive sampling        |     0: 0: 1   |     0: 0: 1   |      0.00   

7. SIMULATION FREQUENCY = 583.333 MHz 
-------------------------
 Green functions          |     0: 0: 0   |     0: 0: 1   |      0.00   
 Matrix load              |     0: 1:30   |     0: 1: 9   |      0.00   
 Matrix solve             |     0: 0: 3   |     0: 0: 2   |      0.00   
 Port calibration         |     0: 0: 7   |     0: 0: 5   |      0.00   
 S parameters             |     0: 0: 0   |     0: 0: 0   |      0.00   
 Adaptive sampling        |     0: 0: 0   |     0: 0: 0   |      0.00   

8. SIMULATION FREQUENCY = 341.667 MHz 
-------------------------
 Green functions          |     0: 0: 1   |     0: 0: 1   |      0.00   
 Matrix load              |     0: 1:32   |     0: 1:18   |      0.00   
 Matrix solve             |     0: 0: 2   |     0: 0: 1   |      0.00   
 Port calibration         |     0: 0: 7   |     0: 0: 6   |      0.00   
 S parameters             |     0: 0: 0   |     0: 0: 0   |      0.00   
 Adaptive sampling        |     0: 0: 0   |     0: 0: 0   |      0.00   

9. SIMULATION FREQUENCY = 261.111 MHz 
-------------------------
 Green functions          |     0: 0: 1   |     0: 0: 1   |      0.00   
 Matrix load              |     0: 1:30   |     0: 1:11   |      0.00   
 Matrix solve             |     0: 0: 2   |     0: 0: 1   |      0.04   
 Port calibration         |     0: 0: 7   |     0: 0: 6   |      0.01   
 S parameters             |     0: 0: 0   |     0: 0: 0   |      0.00   
 Adaptive sampling        |     0: 0: 1   |     0: 0: 0   |      0.00   

10. SIMULATION FREQUENCY = 180.556 MHz 
-------------------------
 Green functions          |     0: 0: 0   |     0: 0: 1   |      0.00   
 Matrix load              |     0: 1:30   |     0: 1: 6   |      0.00   
 Matrix solve             |     0: 0: 2   |     0: 0: 3   |      0.12   
 Port calibration         |     0: 0: 7   |     0: 0: 6   |      0.00   
 S parameters             |     0: 0: 0   |     0: 0: 0   |      0.00   
 Adaptive sampling        |     0: 0: 2   |     0: 0: 3   |      0.00   

11. SIMULATION FREQUENCY = 1.63056 GHz 
-------------------------
 Green functions          |     0: 0: 1   |     0: 0: 1   |      0.00   
 Matrix load              |     0: 1:31   |     0: 1:10   |      0.00   
 Matrix solve             |     0: 0: 3   |     0: 0: 2   |      0.09   
 Port calibration         |     0: 0: 7   |     0: 0: 5   |      0.01   
 S parameters             |     0: 0: 0   |     0: 0: 0   |      0.00   
 Adaptive sampling        |     0: 0: 0   |     0: 0: 0   |      0.00   

12. SIMULATION FREQUENCY = 986.111 MHz 
-------------------------
 Green functions          |     0: 0: 1   |     0: 0: 1   |      0.00   
 Matrix load              |     0: 1:33   |     0: 1: 4   |      0.00   
 Matrix solve             |     0: 0: 4   |     0: 0: 6   |      0.12   
 Port calibration         |     0: 0: 8   |     0: 0: 4   |      0.00   
 S parameters             |     0: 0: 0   |     0: 0: 0   |      0.00   
 Adaptive sampling        |     0: 0: 0   |     0: 0: 2   |      0.00   

13. SIMULATION FREQUENCY = 784.722 MHz 
-------------------------
 Green functions          |     0: 0: 1   |     0: 0: 1   |      0.00   
 Matrix load              |     0: 1:32   |     0: 0:58   |      0.00   
 Matrix solve             |     0: 0: 1   |     0: 0: 1   |      0.09   
 Port calibration         |     0: 0: 7   |     0: 0: 5   |      0.00   
 S parameters             |     0: 0: 0   |     0: 0: 0   |      0.00   
 Adaptive sampling        |     0: 0: 0   |     0: 0: 0   |      0.00   

14. SIMULATION FREQUENCY = 2.43611 GHz 
-------------------------
 Green functions          |     0: 0: 1   |     0: 0: 1   |      0.00   
 Matrix load              |     0: 1:31   |     0: 1: 7   |      0.00   
 Matrix solve             |     0: 0: 3   |     0: 0: 3   |      0.00   
 Port calibration         |     0: 0: 7   |     0: 0: 4   |      0.00   
 S parameters             |     0: 0: 0   |     0: 0: 0   |      0.00   
 Adaptive sampling        |     0: 0: 0   |     0: 0: 1   |      0.00   

15. SIMULATION FREQUENCY = 1.30833 GHz 
-------------------------
 Green functions          |     0: 0: 1   |     0: 0: 1   |      0.00   
 Matrix load              |     0: 1:33   |     0: 1: 0   |      0.00   
 Matrix solve             |     0: 0: 3   |     0: 0: 2   |      0.00   
 Port calibration         |     0: 0: 7   |     0: 0: 4   |      0.00   
 S parameters             |     0: 0: 0   |     0: 0: 0   |      0.00   
 Adaptive sampling        |     0: 0: 0   |     0: 0: 1   |      0.00   

16. SIMULATION FREQUENCY = 462.5 MHz 
-------------------------
 Green functions          |     0: 0: 1   |     0: 0: 0   |      0.00   
 Matrix load              |     0: 1:33   |     0: 0:57   |      0.00   
 Matrix solve             |     0: 0: 3   |     0: 0: 2   |      0.00   
 Port calibration         |     0: 0: 6   |     0: 0: 4   |      0.00   
 S parameters             |     0: 0: 0   |     0: 0: 0   |      0.00   
 Adaptive sampling        |     0: 0: 1   |     0: 0: 1   |      0.00   

17. SIMULATION FREQUENCY = 2.16759 GHz 
-------------------------
 Green functions          |     0: 0: 0   |     0: 0: 1   |      0.00   
 Matrix load              |     0: 1:33   |     0: 0:51   |      0.00   
 Matrix solve             |     0: 0: 2   |     0: 0: 1   |      0.00   
 Port calibration         |     0: 0: 7   |     0: 0: 6   |      0.00   
 S parameters             |     0: 0: 0   |     0: 0: 0   |      0.00   
 Adaptive sampling        |     0: 0: 1   |     0: 0: 1   |      0.00   

18. SIMULATION FREQUENCY = 1.83194 GHz 
-------------------------
 Green functions          |     0: 0: 0   |     0: 0: 1   |      0.00   
 Matrix load              |     0: 1:38   |     0: 1: 8   |      0.00   
 Matrix solve             |     0: 0: 4   |     0: 0: 4   |      0.00   
 Port calibration         |     0: 0: 7   |     0: 0: 6   |      0.00   
 S parameters             |     0: 0: 0   |     0: 0: 0   |      0.00   
 Adaptive sampling        |     0: 0: 1   |     0: 0: 1   |      0.00   

19. SIMULATION FREQUENCY = 2.91944 GHz 
-------------------------
 Green functions          |     0: 0: 0   |     0: 0: 1   |      0.00   
 Matrix load              |     0: 1:37   |     0: 1: 7   |      0.00   
 Matrix solve             |     0: 0: 3   |     0: 0: 3   |      0.00   
 Port calibration         |     0: 0: 7   |     0: 0: 5   |      0.00   
 S parameters             |     0: 0: 0   |     0: 0: 0   |      0.00   
 Adaptive sampling        |     0: 0: 1   |     0: 0: 0   |      0.00   

20. SIMULATION FREQUENCY = 2.78519 GHz 
-------------------------
 Green functions          |     0: 0: 0   |     0: 0: 1   |      0.00   
 Matrix load              |     0: 1:35   |     0: 1: 3   |      0.00   
 Matrix solve             |     0: 0: 3   |     0: 0: 2   |      0.00   
 Port calibration         |     0: 0: 7   |     0: 0: 5   |      0.00   
 S parameters             |     0: 0: 0   |     0: 0: 0   |      0.00   
 Adaptive sampling        |     0: 0: 1   |     0: 0: 1   |      0.00   

21. SIMULATION FREQUENCY = 2.39136 GHz 
-------------------------
 Green functions          |     0: 0: 0   |     0: 0: 1   |      0.00   
 Matrix load              |     0: 1:37   |     0: 1: 4   |      0.00   
 Matrix solve             |     0: 0: 4   |     0: 0: 4   |      0.00   
 Port calibration         |     0: 0: 7   |     0: 0: 5   |      0.00   
 S parameters             |     0: 0: 0   |     0: 0: 0   |      0.00   
 Adaptive sampling        |     0: 0: 0   |     0: 0: 1   |      0.00   

22. SIMULATION FREQUENCY = 2.24218 GHz 
-------------------------
 Green functions          |     0: 0: 1   |     0: 0: 1   |      0.00   
 Matrix load              |     0: 1:38   |     0: 1:12   |      0.00   
 Matrix solve             |     0: 0: 3   |     0: 0: 3   |      0.00   
 Port calibration         |     0: 0: 8   |     0: 0: 5   |      0.00   
 S parameters             |     0: 0: 0   |     0: 0: 0   |      0.00   
 Adaptive sampling        |     0: 0: 0   |     0: 0: 1   |      0.00   

23. SIMULATION FREQUENCY = 140.278 MHz 
-------------------------
 Green functions          |     0: 0: 1   |     0: 0: 1   |      0.00   
 Matrix load              |     0: 1:37   |     0: 1:10   |      0.00   
 Matrix solve             |     0: 0: 2   |     0: 0: 1   |      0.00   
 Port calibration         |     0: 0: 7   |     0: 0: 6   |      0.00   
 S parameters             |     0: 0: 0   |     0: 0: 0   |      0.00   
 Adaptive sampling        |     0: 0: 0   |     0: 0: 1   |      0.00   

24. SIMULATION FREQUENCY = 1.38889 GHz 
-------------------------
 Green functions          |     0: 0: 1   |     0: 0: 1   |      0.00   
 Matrix load              |     0: 1:34   |     0: 0:56   |      0.00   
 Matrix solve             |     0: 0: 1   |     0: 0: 1   |      0.00   
 Port calibration         |     0: 0: 7   |     0: 0: 4   |      0.00   
 S parameters             |     0: 0: 0   |     0: 0: 0   |      0.00   
 Adaptive sampling        |     0: 0: 1   |     0: 0: 0   |      0.00   

25. SIMULATION FREQUENCY = 1.93264 GHz 
-------------------------
 Green functions          |     0: 0: 0   |     0: 0: 1   |      0.00   
 Matrix load              |     0: 1:31   |     0: 0:48   |      0.00   
 Matrix solve             |     0: 0: 2   |     0: 0: 1   |      0.00   
 Port calibration         |     0: 0: 8   |     0: 0: 4   |      0.33   
 S parameters             |     0: 0: 0   |     0: 0: 0   |      0.00   
 Adaptive sampling        |     0: 0: 0   |     0: 0: 0   |      0.00   

26. SIMULATION FREQUENCY = 1.79838 GHz 
-------------------------
 Green functions          |     0: 0: 1   |     0: 0: 1   |      0.00   
 Matrix load              |     0: 1:31   |     0: 0:47   |      0.00   
 Matrix solve             |     0: 0: 3   |     0: 0: 3   |      0.12   
 Port calibration         |     0: 0: 7   |     0: 0: 4   |      0.00   
 S parameters             |     0: 0: 0   |     0: 0: 0   |      0.00   
 Adaptive sampling        |     0: 0: 0   |     0: 0: 0   |      0.00   

27. SIMULATION FREQUENCY = 1.4963 GHz 
-------------------------
 Green functions          |     0: 0: 1   |     0: 0: 1   |      0.00   
 Matrix load              |     0: 1:31   |     0: 0:50   |      0.00   
 Matrix solve             |     0: 0: 2   |     0: 0: 2   |      0.00   
 Port calibration         |     0: 0: 7   |     0: 0: 3   |      0.00   
 S parameters             |     0: 0: 0   |     0: 0: 0   |      0.00   
 Adaptive sampling        |     0: 0: 0   |     0: 0: 1   |      0.00   

28. SIMULATION FREQUENCY = 1.26806 GHz 
-------------------------
 Green functions          |     0: 0: 1   |     0: 0: 0   |      0.00   
 Matrix load              |     0: 1:32   |     0: 0:55   |      0.00   
 Matrix solve             |     0: 0: 3   |     0: 0: 2   |      0.00   
 Port calibration         |     0: 0: 8   |     0: 0: 4   |      0.00   
 S parameters             |     0: 0: 0   |     0: 0: 0   |      0.00   
 Adaptive sampling        |     0: 0: 0   |     0: 0: 1   |      0.00   

29. SIMULATION FREQUENCY = 1.46049 GHz 
-------------------------
 Green functions          |     0: 0: 1   |     0: 0: 0   |      0.00   
 Matrix load              |     0: 1:29   |     0: 0:48   |      0.00   
 Matrix solve             |     0: 0: 2   |     0: 0: 1   |      0.00   
 Port calibration         |     0: 0: 7   |     0: 0: 4   |      0.00   
 S parameters             |     0: 0: 0   |     0: 0: 0   |      0.00   
 Adaptive sampling        |     0: 0: 0   |     0: 0: 0   |      0.00   

30. SIMULATION FREQUENCY = 2.29191 GHz 
-------------------------
 Green functions          |     0: 0: 1   |     0: 0: 1   |      0.00   
 Matrix load              |     0: 1:32   |     0: 0:50   |      0.00   
 Matrix solve             |     0: 0: 2   |     0: 0: 1   |      0.00   
 Port calibration         |     0: 0: 7   |     0: 0: 4   |      0.00   
 S parameters             |     0: 0: 0   |     0: 0: 0   |      0.00   
 Adaptive sampling        |     0: 0: 0   |     0: 0: 1   |      0.00   

31. SIMULATION FREQUENCY = 2.60617 GHz 
-------------------------
 Green functions          |     0: 0: 1   |     0: 0: 0   |      0.00   
 Matrix load              |     0: 1:32   |     0: 0:49   |      0.00   
 Matrix solve             |     0: 0: 2   |     0: 0: 1   |      0.00   
 Port calibration         |     0: 0: 8   |     0: 0: 4   |      0.00   
 S parameters             |     0: 0: 0   |     0: 0: 0   |      0.00   
 Adaptive sampling        |     0: 0: 0   |     0: 0: 1   |      0.00   

32. SIMULATION FREQUENCY = 2.69568 GHz 
-------------------------
 Green functions          |     0: 0: 1   |     0: 0: 0   |      0.00   
 Matrix load              |     0: 1:33   |     0: 0:49   |      0.00   
 Matrix solve             |     0: 0: 2   |     0: 0: 2   |      0.00   
 Port calibration         |     0: 0: 7   |     0: 0: 3   |      0.00   
 S parameters             |     0: 0: 0   |     0: 0: 0   |      0.00   
 Adaptive sampling        |     0: 0: 0   |     0: 0: 0   |      0.00   

33. SIMULATION FREQUENCY = 1.40082 GHz 
-------------------------
 Green functions          |     0: 0: 1   |     0: 0: 1   |      0.00   
 Matrix load              |     0: 1:32   |     0: 0:48   |      0.00   
 Matrix solve             |     0: 0: 1   |     0: 0: 1   |      0.00   
 Port calibration         |     0: 0: 7   |     0: 0: 4   |      0.00   
 S parameters             |     0: 0: 0   |     0: 0: 0   |      0.00   
 Adaptive sampling        |     0: 0: 0   |     0: 0: 0   |      0.00   

34. SIMULATION FREQUENCY = 1.43066 GHz 
-------------------------
 Green functions          |     0: 0: 1   |     0: 0: 1   |      0.00   
 Matrix load              |     0: 1:32   |     0: 0:48   |      0.00   
 Matrix solve             |     0: 0: 1   |     0: 0: 1   |      0.00   
 Port calibration         |     0: 0: 7   |     0: 0: 4   |      0.00   
 S parameters             |     0: 0: 0   |     0: 0: 0   |      0.00   
 Adaptive sampling        |     0: 0: 1   |     0: 0: 1   |      0.00   

35. SIMULATION FREQUENCY = 1.41077 GHz 
-------------------------
 Green functions          |     0: 0: 0   |     0: 0: 1   |      0.00   
 Matrix load              |     0: 1:32   |     0: 0:47   |      0.00   
 Matrix solve             |     0: 0: 1   |     0: 0: 1   |      0.00   
 Port calibration         |     0: 0: 7   |     0: 0: 4   |      0.00   
 S parameters             |     0: 0: 0   |     0: 0: 0   |      0.00   
 Adaptive sampling        |     0: 0: 1   |     0: 0: 0   |      0.00   

36. SIMULATION FREQUENCY = 1.42734 GHz 
-------------------------
 Green functions          |     0: 0: 0   |     0: 0: 1   |      0.00   
 Matrix load              |     0: 1:32   |     0: 0:47   |      0.00   
 Matrix solve             |     0: 0: 1   |     0: 0: 1   |      0.00   
 Port calibration         |     0: 0: 7   |     0: 0: 3   |      0.00   
 S parameters             |     0: 0: 0   |     0: 0: 0   |      0.00   
 Adaptive sampling        |     0: 0: 0   |     0: 0: 1   |      0.00   

37. SIMULATION FREQUENCY = 1.44558 GHz 
-------------------------
 Green functions          |     0: 0: 1   |     0: 0: 0   |      0.00   
